<?xml version="1.0" encoding="UTF-8"?>
<testng-results skipped="0" failed="0" total="1" passed="1">
  <reporter-output>
  </reporter-output>
  <suite name="Default suite" duration-ms="13314" started-at="2017-01-11T03:45:08Z" finished-at="2017-01-11T03:45:21Z">
    <groups>
    </groups>
    <test name="Default test" duration-ms="13314" started-at="2017-01-11T03:45:08Z" finished-at="2017-01-11T03:45:21Z">
      <class name="testng.CokiesTesting">
        <test-method status="PASS" signature="setup()[pri:0, instance:testng.CokiesTesting@47ca5c4f]" name="setup" is-config="true" duration-ms="11261" started-at="2017-01-11T09:15:08Z" finished-at="2017-01-11T09:15:19Z">
          <reporter-output>
          </reporter-output>
        </test-method> <!-- setup -->
        <test-method status="PASS" signature="cookiesTest()[pri:0, instance:testng.CokiesTesting@47ca5c4f]" name="cookiesTest" duration-ms="2038" started-at="2017-01-11T09:15:19Z" finished-at="2017-01-11T09:15:21Z">
          <reporter-output>
          </reporter-output>
        </test-method> <!-- cookiesTest -->
      </class> <!-- testng.CokiesTesting -->
    </test> <!-- Default test -->
  </suite> <!-- Default suite -->
</testng-results>
